<?xml version="1.0" encoding="UTF-8"?>
<testsuite name="com.kenzie.hotel.Phase1Test" tests="3" skipped="0" failures="0" errors="0" timestamp="2022-08-01T00:49:17" hostname="Nicholes-MacBook-Pro.local" time="4.687">
  <properties/>
  <testcase name="modifyReservationActivity_modifiedReservation_logsModifiedCountMetric()" classname="com.kenzie.hotel.Phase1Test" time="3.018"/>
  <testcase name="bookReservationActivity_createsReservation_logsBookingCountMetric()" classname="com.kenzie.hotel.Phase1Test" time="0.704"/>
  <testcase name="cancelReservationActivity_canceledReservation_logsCanceledCountMetric()" classname="com.kenzie.hotel.Phase1Test" time="0.964"/>
  <system-out><![CDATA[]]></system-out>
  <system-err><![CDATA[]]></system-err>
</testsuite>
