<?xml version="1.0" encoding="UTF-8"?>
<testsuite name="com.kenzie.hotel.Phase2Test" tests="4" skipped="0" failures="0" errors="0" timestamp="2022-08-01T01:39:54" hostname="Nicholes-MacBook-Pro.local" time="6.189">
  <properties/>
  <testcase name="modifyReservationActivity_shortenedReservation_logsRevenueMetric()" classname="com.kenzie.hotel.Phase2Test" time="3.021"/>
  <testcase name="cancelReservationActivity_canceledReservation_logsRevenueMetric()" classname="com.kenzie.hotel.Phase2Test" time="1.236"/>
  <testcase name="bookReservationActivity_createsReservation_logsRevenueMetric()" classname="com.kenzie.hotel.Phase2Test" time="0.809"/>
  <testcase name="modifyReservationActivity_extendedReservation_logsRevenueMetric()" classname="com.kenzie.hotel.Phase2Test" time="1.122"/>
  <system-out><![CDATA[]]></system-out>
  <system-err><![CDATA[]]></system-err>
</testsuite>
