<?xml version="1.0" encoding="UTF-8"?>
<testsuite name="com.kenzie.hotel.Phase1Test" tests="3" skipped="0" failures="0" errors="0" timestamp="2022-08-01T01:40:01" hostname="Nicholes-MacBook-Pro.local" time="3.156">
  <properties/>
  <testcase name="modifyReservationActivity_modifiedReservation_logsModifiedCountMetric()" classname="com.kenzie.hotel.Phase1Test" time="1.146"/>
  <testcase name="bookReservationActivity_createsReservation_logsBookingCountMetric()" classname="com.kenzie.hotel.Phase1Test" time="0.788"/>
  <testcase name="cancelReservationActivity_canceledReservation_logsCanceledCountMetric()" classname="com.kenzie.hotel.Phase1Test" time="1.221"/>
  <system-out><![CDATA[]]></system-out>
  <system-err><![CDATA[]]></system-err>
</testsuite>
